<?xml version="1.0" encoding="UTF-8"?>
<!-- Generated by org.testng.reporters.JUnitReportReporter -->
<testsuite skipped="0" hostname="DESKTOP-M2K5DOK" name="test.Test123" tests="1" failures="0" timestamp="2020-08-27T09:15:34 IST" time="0.016" errors="0">
  <testcase name="demo" time="0.016" classname="test.Test123"/>
  <system-out/>
</testsuite> <!-- test.Test123 -->
